<?xml version="1.0" encoding="UTF-8"?>
<!-- Generated by org.testng.reporters.JUnitXMLReporter -->
<testsuite hostname="ADMPC" tests="6" failures="0" timestamp="26 Apr 2019 11:50:25 GMT" time="37.091" errors="0">
  <testcase name="checkUserLoginList" time="0.216" classname="saucedemo_test"/>
  <testcase name="logUser" time="7.077" classname="saucedemo_test"/>
  <testcase name="checkVisibilityOfImages" time="0.905" classname="saucedemo_test"/>
  <testcase name="checkAddToCart" time="5.744" classname="saucedemo_test"/>
  <testcase name="checkRemoveFromCart" time="10.53" classname="saucedemo_test"/>
  <testcase name="orderProducts" time="12.604" classname="saucedemo_test"/>
</testsuite>
